#
# There is insufficient memory for the Java Runtime Environment to continue.
# Native memory allocation (malloc) failed to allocate 1365072 bytes for Chunk::new
# Possible reasons:
#   The system is out of physical RAM or swap space
#   In 32 bit mode, the process size limit was hit
# Possible solutions:
#   Reduce memory load on the system
#   Increase physical memory or swap space
#   Check if swap backing store is full
#   Use 64 bit Java on a 64 bit OS
#   Decrease Java heap size (-Xmx/-Xms)
#   Decrease number of Java threads
#   Decrease Java thread stack sizes (-Xss)
#   Set larger code cache with -XX:ReservedCodeCacheSize=
# This output file may be truncated or incomplete.
#
#  Out of Memory Error (allocation.cpp:390), pid=3820, tid=14436
#
# JRE version: Java(TM) SE Runtime Environment (8.0_73-b02) (build 1.8.0_73-b02)
# Java VM: Java HotSpot(TM) 64-Bit Server VM (25.73-b02 mixed mode windows-amd64 compressed oops)
# Failed to write core dump. Minidumps are not enabled by default on client versions of Windows
#

---------------  T H R E A D  ---------------

Current thread (0x0000000016f8a000):  JavaThread "C2 CompilerThread0" daemon [_thread_in_native, id=14436, stack(0x00000000185d0000,0x00000000186d0000)]

Stack: [0x00000000185d0000,0x00000000186d0000]
[error occurred during error reporting (printing stack bounds), id 0xc0000005]

Native frames: (J=compiled Java code, j=interpreted, Vv=VM code, C=native code)


Current CompileTask:
C2: 891698 19440       4       com.android.dx.dex.cf.CfTranslator::translate0 (265 bytes)


---------------  P R O C E S S  ---------------

Java Threads: ( => current thread )
  0x000000001a6eb000 JavaThread "pool-69-thread-1" [_thread_new, id=16868, stack(0x0000000000000000,0x0000000000000000)]
  0x000000001a6ef800 JavaThread "pool-73-thread-4" [_thread_new, id=13944, stack(0x0000000000000000,0x0000000000000000)]
  0x000000001a6ef000 JavaThread "pool-73-thread-3" [_thread_new, id=16840, stack(0x0000000000000000,0x0000000000000000)]
  0x000000001a6ee000 JavaThread "pool-73-thread-2" [_thread_new, id=16352, stack(0x0000000000000000,0x0000000000000000)]
  0x000000001a6e6800 JavaThread "pool-74-thread-1" [_thread_new, id=13524, stack(0x0000000000000000,0x0000000000000000)]
  0x000000001a6e8000 JavaThread "pool-73-thread-1" [_thread_blocked, id=13000, stack(0x000000002f6f0000,0x000000002f7f0000)]
  0x000000001a6ea800 JavaThread "pool-45-thread-1" [_thread_in_vm, id=15264, stack(0x000000002eef0000,0x000000002eff0000)]
  0x000000001d1fe000 JavaThread "pool-3-thread-4" [_thread_blocked, id=13968, stack(0x0000000027ef0000,0x0000000027ff0000)]
  0x000000001d1fa800 JavaThread "pool-3-thread-3" [_thread_blocked, id=16752, stack(0x0000000027df0000,0x0000000027ef0000)]
  0x000000001d1f9800 JavaThread "pool-11-thread-4" [_thread_blocked, id=4784, stack(0x0000000027cf0000,0x0000000027df0000)]
  0x000000001d1ff800 JavaThread "pool-11-thread-3" [_thread_blocked, id=9460, stack(0x0000000027bf0000,0x0000000027cf0000)]
  0x000000001d200800 JavaThread "pool-11-thread-2" [_thread_blocked, id=14420, stack(0x0000000027af0000,0x0000000027bf0000)]
  0x00000000210d6000 JavaThread "pool-11-thread-1" [_thread_blocked, id=14848, stack(0x00000000274f0000,0x00000000275f0000)]
  0x00000000210d0000 JavaThread "Daemon worker Thread 4" [_thread_blocked, id=15724, stack(0x00000000272f0000,0x00000000273f0000)]
  0x00000000210d3000 JavaThread "Cancel handler" [_thread_blocked, id=8144, stack(0x00000000271f0000,0x00000000272f0000)]
  0x00000000210d1800 JavaThread "Handler for socket connection from /127.0.0.1:57329 to /127.0.0.1:61256" [_thread_in_native, id=14820, stack(0x00000000270f0000,0x00000000271f0000)]
  0x00000000210d0800 JavaThread "Daemon Thread 4" [_thread_blocked, id=5108, stack(0x0000000026ff0000,0x00000000270f0000)]
  0x00000000210d5000 JavaThread "pool-3-thread-2" [_thread_blocked, id=16356, stack(0x00000000263f0000,0x00000000264f0000)]
  0x00000000210cd000 JavaThread "pool-3-thread-1" [_thread_blocked, id=11776, stack(0x0000000024cf0000,0x0000000024df0000)]
  0x000000001d1fc000 JavaThread "File lock request listener" [_thread_in_native, id=17088, stack(0x000000001cbb0000,0x000000001ccb0000)]
  0x0000000019a66800 JavaThread "Incoming local TCP Connector on port 57329" [_thread_in_native, id=13620, stack(0x00000000196d0000,0x00000000197d0000)]
  0x0000000016fde000 JavaThread "Service Thread" daemon [_thread_blocked, id=11840, stack(0x0000000018cd0000,0x0000000018dd0000)]
  0x0000000016f84800 JavaThread "C1 CompilerThread2" daemon [_thread_blocked, id=11480, stack(0x00000000187d0000,0x00000000188d0000)]
  0x0000000016f80000 JavaThread "C2 CompilerThread1" daemon [_thread_in_native, id=11744, stack(0x00000000186d0000,0x00000000187d0000)]
=>0x0000000016f8a000 JavaThread "C2 CompilerThread0" daemon [_thread_in_native, id=14436, stack(0x00000000185d0000,0x00000000186d0000)]
  0x0000000016f88800 JavaThread "Attach Listener" daemon [_thread_blocked, id=15040, stack(0x00000000184d0000,0x00000000185d0000)]
  0x0000000016f87000 JavaThread "Signal Dispatcher" daemon [_thread_blocked, id=14520, stack(0x00000000183d0000,0x00000000184d0000)]
  0x0000000002357000 JavaThread "Finalizer" daemon [_thread_blocked, id=1576, stack(0x00000000181d0000,0x00000000182d0000)]
  0x000000000234e000 JavaThread "Reference Handler" daemon [_thread_blocked, id=16620, stack(0x00000000180d0000,0x00000000181d0000)]
  0x000000000222e000 JavaThread "main" [_thread_blocked, id=10200, stack(0x00000000020b0000,0x00000000021b0000)]

Other Threads:
  0x0000000016f47800 VMThread [stack: 0x0000000017fd0000,0x00000000180d0000] [id=13272]
  0x0000000018905000 WatcherThread [stack: 0x0000000018dd0000,0x0000000018ed0000] [id=15188]

VM state:synchronizing (normal execution)

VM Mutex/Monitor currently owned by a thread:  ([mutex/lock_event])
[0x000000000222d3f0] Safepoint_lock - owner thread: 0x0000000016f47800
[0x000000000222d470] Threads_lock - owner thread: 0x0000000016f47800

Heap:
 PSYoungGen      total 510464K, used 244878K [0x00000000d5580000, 0x0000000100000000, 0x0000000100000000)
  eden space 410624K, 35% used [0x00000000d5580000,0x00000000de48e798,0x00000000ee680000)
  from space 99840K, 98% used [0x00000000ee680000,0x00000000f4695098,0x00000000f4800000)
  to   space 116224K, 0% used [0x00000000f8e80000,0x00000000f8e80000,0x0000000100000000)
 ParOldGen       total 191488K, used 88564K [0x0000000080000000, 0x000000008bb00000, 0x00000000d5580000)
  object space 191488K, 46% used [0x0000000080000000,0x000000008567d058,0x000000008bb00000)
 Metaspace       used 64112K, capacity 66146K, committed 67072K, reserved 1107968K
  class space    used 8137K, capacity 8599K, committed 8960K, reserved 1048576K

Card table byte_map: [0x0000000011720000,0x0000000011b30000] byte_map_base: 0x0000000011320000

Marking Bits: (ParMarkBitMap*) 0x00000000711c0600
 Begin Bits: [0x00000000121e0000, 0x00000000141e0000)
 End Bits:   [0x00000000141e0000, 0x00000000161e0000)

Polling page: 0x0000000000510000

CodeCache: size=245760Kb used=54304Kb max_used=54304Kb free=191455Kb
 bounds [0x0000000002360000, 0x0000000005900000, 0x0000000011360000]
 total_blobs=14736 nmethods=13999 adapters=647
 compilation: enabled

Compilation events (10 events):
Event: 891.312 Thread 0x0000000016f84800 19494       3       com.android.dx.dex.file.DebugInfoEncoder::emitLocalsAtAddress (150 bytes)
Event: 891.313 Thread 0x0000000016f84800 nmethod 19494 0x0000000004db51d0 code [0x0000000004db5460, 0x0000000004db6828]
Event: 891.313 Thread 0x0000000016f84800 19492       3       com.android.dx.dex.file.DebugInfoEncoder::buildSortedPositions (68 bytes)
Event: 891.314 Thread 0x0000000016f84800 nmethod 19492 0x00000000044f9890 code [0x00000000044f9aa0, 0x00000000044fa818]
Event: 891.314 Thread 0x0000000016f84800 19491 %     3       com.android.dx.dex.file.DebugInfoEncoder::extractMethodArguments @ 49 (132 bytes)
Event: 891.315 Thread 0x0000000016f84800 nmethod 19491% 0x0000000002ca1990 code [0x0000000002ca1c20, 0x0000000002ca3118]
Event: 891.315 Thread 0x0000000016f84800 19489   !   3       com.android.dx.dex.file.MixedItemSection::placeItems (185 bytes)
Event: 891.316 Thread 0x0000000016f84800 nmethod 19489 0x00000000058b7b90 code [0x00000000058b7f40, 0x00000000058ba068]
Event: 891.327 Thread 0x0000000016f84800 19495       2       java.lang.Long::numberOfTrailingZeros (116 bytes)
Event: 891.327 Thread 0x0000000016f84800 nmethod 19495 0x0000000004af8250 code [0x0000000004af83a0, 0x0000000004af8570]

GC Heap History (10 events):
Event: 884.306 GC heap before
{Heap before GC invocations=29 (full 6):
 PSYoungGen      total 377344K, used 318112K [0x00000000d5580000, 0x00000000f2200000, 0x0000000100000000)
  eden space 305664K, 100% used [0x00000000d5580000,0x00000000e8000000,0x00000000e8000000)
  from space 71680K, 17% used [0x00000000ec300000,0x00000000ecf28060,0x00000000f0900000)
  to   space 68608K, 0% used [0x00000000e8000000,0x00000000e8000000,0x00000000ec300000)
 ParOldGen       total 191488K, used 54140K [0x0000000080000000, 0x000000008bb00000, 0x00000000d5580000)
  object space 191488K, 28% used [0x0000000080000000,0x00000000834df030,0x000000008bb00000)
 Metaspace       used 63927K, capacity 65986K, committed 67072K, reserved 1107968K
  class space    used 8133K, capacity 8567K, committed 8960K, reserved 1048576K
Event: 884.330 GC heap after
Heap after GC invocations=29 (full 6):
 PSYoungGen      total 374272K, used 22281K [0x00000000d5580000, 0x00000000f1880000, 0x0000000100000000)
  eden space 305664K, 0% used [0x00000000d5580000,0x00000000d5580000,0x00000000e8000000)
  from space 68608K, 32% used [0x00000000e8000000,0x00000000e95c2470,0x00000000ec300000)
  to   space 64512K, 0% used [0x00000000ed980000,0x00000000ed980000,0x00000000f1880000)
 ParOldGen       total 191488K, used 54148K [0x0000000080000000, 0x000000008bb00000, 0x00000000d5580000)
  object space 191488K, 28% used [0x0000000080000000,0x00000000834e1030,0x000000008bb00000)
 Metaspace       used 63927K, capacity 65986K, committed 67072K, reserved 1107968K
  class space    used 8133K, capacity 8567K, committed 8960K, reserved 1048576K
}
Event: 886.950 GC heap before
{Heap before GC invocations=30 (full 6):
 PSYoungGen      total 374272K, used 327945K [0x00000000d5580000, 0x00000000f1880000, 0x0000000100000000)
  eden space 305664K, 100% used [0x00000000d5580000,0x00000000e8000000,0x00000000e8000000)
  from space 68608K, 32% used [0x00000000e8000000,0x00000000e95c2470,0x00000000ec300000)
  to   space 64512K, 0% used [0x00000000ed980000,0x00000000ed980000,0x00000000f1880000)
 ParOldGen       total 191488K, used 54148K [0x0000000080000000, 0x000000008bb00000, 0x00000000d5580000)
  object space 191488K, 28% used [0x0000000080000000,0x00000000834e1030,0x000000008bb00000)
 Metaspace       used 63999K, capacity 66050K, committed 67072K, reserved 1107968K
  class space    used 8134K, capacity 8567K, committed 8960K, reserved 1048576K
Event: 886.980 GC heap after
Heap after GC invocations=30 (full 6):
 PSYoungGen      total 398848K, used 29983K [0x00000000d5580000, 0x00000000f2000000, 0x0000000100000000)
  eden space 334336K, 0% used [0x00000000d5580000,0x00000000d5580000,0x00000000e9c00000)
  from space 64512K, 46% used [0x00000000ed980000,0x00000000ef6c7c88,0x00000000f1880000)
  to   space 62976K, 0% used [0x00000000e9c00000,0x00000000e9c00000,0x00000000ed980000)
 ParOldGen       total 191488K, used 54156K [0x0000000080000000, 0x000000008bb00000, 0x00000000d5580000)
  object space 191488K, 28% used [0x0000000080000000,0x00000000834e3030,0x000000008bb00000)
 Metaspace       used 63999K, capacity 66050K, committed 67072K, reserved 1107968K
  class space    used 8134K, capacity 8567K, committed 8960K, reserved 1048576K
}
Event: 887.968 GC heap before
{Heap before GC invocations=31 (full 6):
 PSYoungGen      total 398848K, used 364319K [0x00000000d5580000, 0x00000000f2000000, 0x0000000100000000)
  eden space 334336K, 100% used [0x00000000d5580000,0x00000000e9c00000,0x00000000e9c00000)
  from space 64512K, 46% used [0x00000000ed980000,0x00000000ef6c7c88,0x00000000f1880000)
  to   space 62976K, 0% used [0x00000000e9c00000,0x00000000e9c00000,0x00000000ed980000)
 ParOldGen       total 191488K, used 54156K [0x0000000080000000, 0x000000008bb00000, 0x00000000d5580000)
  object space 191488K, 28% used [0x0000000080000000,0x00000000834e3030,0x000000008bb00000)
 Metaspace       used 64042K, capacity 66050K, committed 67072K, reserved 1107968K
  class space    used 8135K, capacity 8567K, committed 8960K, reserved 1048576K
Event: 888.092 GC heap after
Heap after GC invocations=31 (full 6):
 PSYoungGen      total 397312K, used 62960K [0x00000000d5580000, 0x00000000f9400000, 0x0000000100000000)
  eden space 334336K, 0% used [0x00000000d5580000,0x00000000d5580000,0x00000000e9c00000)
  from space 62976K, 99% used [0x00000000e9c00000,0x00000000ed97c280,0x00000000ed980000)
  to   space 77824K, 0% used [0x00000000f4800000,0x00000000f4800000,0x00000000f9400000)
 ParOldGen       total 191488K, used 65309K [0x0000000080000000, 0x000000008bb00000, 0x00000000d5580000)
  object space 191488K, 34% used [0x0000000080000000,0x0000000083fc7558,0x000000008bb00000)
 Metaspace       used 64042K, capacity 66050K, committed 67072K, reserved 1107968K
  class space    used 8135K, capacity 8567K, committed 8960K, reserved 1048576K
}
Event: 889.102 GC heap before
{Heap before GC invocations=32 (full 6):
 PSYoungGen      total 397312K, used 397296K [0x00000000d5580000, 0x00000000f9400000, 0x0000000100000000)
  eden space 334336K, 100% used [0x00000000d5580000,0x00000000e9c00000,0x00000000e9c00000)
  from space 62976K, 99% used [0x00000000e9c00000,0x00000000ed97c280,0x00000000ed980000)
  to   space 77824K, 0% used [0x00000000f4800000,0x00000000f4800000,0x00000000f9400000)
 ParOldGen       total 191488K, used 65309K [0x0000000080000000, 0x000000008bb00000, 0x00000000d5580000)
  object space 191488K, 34% used [0x0000000080000000,0x0000000083fc7558,0x000000008bb00000)
 Metaspace       used 64071K, capacity 66050K, committed 67072K, reserved 1107968K
  class space    used 8136K, capacity 8567K, committed 8960K, reserved 1048576K
Event: 889.262 GC heap after
Heap after GC invocations=32 (full 6):
 PSYoungGen      total 488448K, used 77805K [0x00000000d5580000, 0x00000000fcc00000, 0x0000000100000000)
  eden space 410624K, 0% used [0x00000000d5580000,0x00000000d5580000,0x00000000ee680000)
  from space 77824K, 99% used [0x00000000f4800000,0x00000000f93fb5e0,0x00000000f9400000)
  to   space 99840K, 0% used [0x00000000ee680000,0x00000000ee680000,0x00000000f4800000)
 ParOldGen       total 191488K, used 88556K [0x0000000080000000, 0x000000008bb00000, 0x00000000d5580000)
  object space 191488K, 46% used [0x0000000080000000,0x000000008567b058,0x000000008bb00000)
 Metaspace       used 64071K, capacity 66050K, committed 67072K, reserved 1107968K
  class space    used 8136K, capacity 8567K, committed 8960K, reserved 1048576K
}
Event: 890.946 GC heap before
{Heap before GC invocations=33 (full 6):
 PSYoungGen      total 488448K, used 488429K [0x00000000d5580000, 0x00000000fcc00000, 0x0000000100000000)
  eden space 410624K, 100% used [0x00000000d5580000,0x00000000ee680000,0x00000000ee680000)
  from space 77824K, 99% used [0x00000000f4800000,0x00000000f93fb5e0,0x00000000f9400000)
  to   space 99840K, 0% used [0x00000000ee680000,0x00000000ee680000,0x00000000f4800000)
 ParOldGen       total 191488K, used 88556K [0x0000000080000000, 0x000000008bb00000, 0x00000000d5580000)
  object space 191488K, 46% used [0x0000000080000000,0x000000008567b058,0x000000008bb00000)
 Metaspace       used 64107K, capacity 66146K, committed 67072K, reserved 1107968K
  class space    used 8137K, capacity 8599K, committed 8960K, reserved 1048576K
Event: 891.101 GC heap after
Heap after GC invocations=33 (full 6):
 PSYoungGen      total 510464K, used 98388K [0x00000000d5580000, 0x0000000100000000, 0x0000000100000000)
  eden space 410624K, 0% used [0x00000000d5580000,0x00000000d5580000,0x00000000ee680000)
  from space 99840K, 98% used [0x00000000ee680000,0x00000000f4695098,0x00000000f4800000)
  to   space 116224K, 0% used [0x00000000f8e80000,0x00000000f8e80000,0x0000000100000000)
 ParOldGen       total 191488K, used 88564K [0x0000000080000000, 0x000000008bb00000, 0x00000000d5580000)
  object space 191488K, 46% used [0x0000000080000000,0x000000008567d058,0x000000008bb00000)
 Metaspace       used 64107K, capacity 66146K, committed 67072K, reserved 1107968K
  class space    used 8137K, capacity 8599K, committed 8960K, reserved 1048576K
}

Deoptimization events (10 events):
Event: 890.207 Thread 0x000000001a6ef000 Uncommon trap: reason=unstable_if action=reinterpret pc=0x00000000057edf4c method=com.android.dx.cf.code.Ropper.isSynchronized()Z @ 12
Event: 890.258 Thread 0x000000001a6ea800 Uncommon trap: reason=unstable_if action=reinterpret pc=0x000000000277f4d8 method=java.util.HashMap.putVal(ILjava/lang/Object;Ljava/lang/Object;ZZ)Ljava/lang/Object; @ 162
Event: 890.258 Thread 0x000000001a6ea800 Uncommon trap: reason=unstable_if action=reinterpret pc=0x0000000005686178 method=java.util.HashMap.putVal(ILjava/lang/Object;Ljava/lang/Object;ZZ)Ljava/lang/Object; @ 109
Event: 890.403 Thread 0x000000001a6e8000 Uncommon trap: reason=null_check action=make_not_entrant pc=0x00000000030d92f4 method=com.android.dx.dex.file.TypeIdsSection.intern(Lcom/android/dx/rop/type/Type;)Lcom/android/dx/dex/file/TypeIdItem; @ 26
Event: 890.627 Thread 0x000000001a6ea800 Uncommon trap: reason=null_check action=make_not_entrant pc=0x0000000004fa464c method=com.android.dx.dex.code.LocalList$MakeState.finish()Lcom/android/dx/dex/code/LocalList; @ 81
Event: 890.631 Thread 0x000000001a6ea800 Uncommon trap: reason=null_check action=make_not_entrant pc=0x0000000002abd17c method=com.android.dx.dex.code.LocalList$MakeState.finish()Lcom/android/dx/dex/code/LocalList; @ 81
Event: 890.828 Thread 0x000000001a6ea800 Uncommon trap: reason=unstable_if action=reinterpret pc=0x000000000401f04c method=com.android.dx.dex.code.LocalList$MakeState.snapshot(ILcom/android/dx/rop/code/RegisterSpecSet;)V @ 86
Event: 891.131 Thread 0x000000001a6ea800 Uncommon trap: reason=unstable_if action=reinterpret pc=0x00000000054cf990 method=com.android.dx.dex.code.LocalList$MakeState.filterSpec(Lcom/android/dx/rop/code/RegisterSpec;)Lcom/android/dx/rop/code/RegisterSpec; @ 11
Event: 891.168 Thread 0x00000000210cd000 Uncommon trap: reason=class_check action=maybe_recompile pc=0x000000000577c5f0 method=com.android.dx.ssa.SCCP.simulateBranch(Lcom/android/dx/ssa/SsaInsn;)V @ 339
Event: 891.171 Thread 0x00000000210cd000 Uncommon trap: reason=class_check action=maybe_recompile pc=0x000000000577c5f0 method=com.android.dx.ssa.SCCP.simulateBranch(Lcom/android/dx/ssa/SsaInsn;)V @ 339

Internal exceptions (10 events):
Event: 817.591 Thread 0x00000000210d0000 Exception <a 'java/lang/ClassNotFoundException': build_4juv7zh2xspscs1n1uu82byimBeanInfo> (0x00000000d8e33d50) thrown at [D:\re\puppet\workspace\8-2-build-windows-amd64-cygwin\jdk8u73\6086\hotspot\src\share\vm\classfile\systemDictionary.cpp, line 210]
Event: 817.591 Thread 0x00000000210d0000 Exception <a 'java/lang/ClassNotFoundException': build_4juv7zh2xspscs1n1uu82byimCustomizer> (0x00000000d8e40e60) thrown at [D:\re\puppet\workspace\8-2-build-windows-amd64-cygwin\jdk8u73\6086\hotspot\src\share\vm\classfile\systemDictionary.cpp, line 210]
Event: 817.866 Thread 0x00000000210d0000 Exception <a 'java/lang/ClassNotFoundException': build_683fqhxth2vxact0duhttgrsnBeanInfo> (0x00000000d8f25b70) thrown at [D:\re\puppet\workspace\8-2-build-windows-amd64-cygwin\jdk8u73\6086\hotspot\src\share\vm\classfile\systemDictionary.cpp, line 210]
Event: 817.867 Thread 0x00000000210d0000 Exception <a 'java/lang/ClassNotFoundException': build_683fqhxth2vxact0duhttgrsnCustomizer> (0x00000000d8f34488) thrown at [D:\re\puppet\workspace\8-2-build-windows-amd64-cygwin\jdk8u73\6086\hotspot\src\share\vm\classfile\systemDictionary.cpp, line 210]
Event: 833.330 Thread 0x00000000210d0000 Implicit null exception at 0x000000000261efd3 to 0x000000000261fcd5
Event: 833.805 Thread 0x00000000210d0000 Implicit null exception at 0x000000000390a11b to 0x000000000390f9b5
Event: 868.592 Thread 0x00000000210d0000 Implicit null exception at 0x0000000004e4a134 to 0x0000000004e4ec8d
Event: 887.719 Thread 0x000000001a6ec000 Implicit null exception at 0x0000000004c9c68e to 0x0000000004c9d265
Event: 890.627 Thread 0x000000001a6ea800 Implicit null exception at 0x0000000004fa3d08 to 0x0000000004fa463d
Event: 890.631 Thread 0x000000001a6ea800 Implicit null exception at 0x0000000002abc90c to 0x0000000002abd16d

Events (10 events):
Event: 891.291 Thread 0x000000001a6eb000 DEOPT UNPACKING pc=0x00000000023a787f sp=0x000000002f1eeae8 mode 0
Event: 891.308 Thread 0x000000001a6ea800 DEOPT PACKING pc=0x0000000004b030c7 sp=0x000000002efeeba0
Event: 891.308 Thread 0x000000001a6ea800 DEOPT UNPACKING pc=0x00000000023a787f sp=0x000000002efee958 mode 0
Event: 891.317 Thread 0x000000001a6ed800 Thread exited: 0x000000001a6ed800
Event: 891.317 Thread 0x000000001a6ec800 Thread exited: 0x000000001a6ec800
Event: 891.321 Thread 0x000000001a6ec000 Thread exited: 0x000000001a6ec000
Event: 891.323 Thread 0x000000001a6e7800 Thread exited: 0x000000001a6e7800
Event: 891.323 Thread 0x000000001a6eb000 Thread exited: 0x000000001a6eb000
Event: 891.324 Thread 0x000000001a6eb000 Thread added: 0x000000001a6eb000
Event: 891.404 Executing VM operation: RevokeBias


Dynamic libraries:
0x00007ff75f1d0000 - 0x00007ff75f207000 	C:\Program Files\Java\jdk1.8.0_73\bin\java.exe
0x00007fffffc60000 - 0x00007fffffe21000 	C:\WINDOWS\SYSTEM32\ntdll.dll
0x00007fffff4c0000 - 0x00007fffff56d000 	C:\WINDOWS\system32\KERNEL32.DLL
0x00007ffffcb00000 - 0x00007ffffcce8000 	C:\WINDOWS\system32\KERNELBASE.dll
0x00007ffffd040000 - 0x00007ffffd0e7000 	C:\WINDOWS\system32\ADVAPI32.dll
0x00007fffff720000 - 0x00007fffff7bd000 	C:\WINDOWS\system32\msvcrt.dll
0x00007fffff2e0000 - 0x00007fffff33b000 	C:\WINDOWS\system32\sechost.dll
0x00007fffff3a0000 - 0x00007fffff4bc000 	C:\WINDOWS\system32\RPCRT4.dll
0x00007fffffac0000 - 0x00007fffffc16000 	C:\WINDOWS\system32\USER32.dll
0x00007ffffdbe0000 - 0x00007ffffdd66000 	C:\WINDOWS\system32\GDI32.dll
0x00007ffff6940000 - 0x00007ffff6bb4000 	C:\WINDOWS\WinSxS\amd64_microsoft.windows.common-controls_6595b64144ccf1df_6.0.10586.0_none_8c15ae12515e1c22\COMCTL32.dll
0x00007ffffd5c0000 - 0x00007ffffd83d000 	C:\WINDOWS\system32\combase.dll
0x00007ffffc2f0000 - 0x00007ffffc35a000 	C:\WINDOWS\system32\bcryptPrimitives.dll
0x00007fffffc20000 - 0x00007fffffc5b000 	C:\WINDOWS\system32\IMM32.DLL
0x0000000071240000 - 0x0000000071312000 	C:\Program Files\Java\jdk1.8.0_73\jre\bin\msvcr100.dll
0x00000000709b0000 - 0x0000000071240000 	C:\Program Files\Java\jdk1.8.0_73\jre\bin\server\jvm.dll
0x00007ffffd0f0000 - 0x00007ffffd0f8000 	C:\WINDOWS\system32\PSAPI.DLL
0x00007ffff6c70000 - 0x00007ffff6c7a000 	C:\WINDOWS\SYSTEM32\VERSION.dll
0x00007ffffa990000 - 0x00007ffffa9b3000 	C:\WINDOWS\SYSTEM32\WINMM.dll
0x00007ffff0c20000 - 0x00007ffff0c29000 	C:\WINDOWS\SYSTEM32\WSOCK32.dll
0x00007ffffd530000 - 0x00007ffffd59b000 	C:\WINDOWS\system32\WS2_32.dll
0x0000000002080000 - 0x00000000020ac000 	C:\WINDOWS\SYSTEM32\WINMMBASE.dll
0x00007ffffcd50000 - 0x00007ffffcd93000 	C:\WINDOWS\system32\cfgmgr32.dll
0x00000000709a0000 - 0x00000000709af000 	C:\Program Files\Java\jdk1.8.0_73\jre\bin\verify.dll
0x0000000070970000 - 0x0000000070999000 	C:\Program Files\Java\jdk1.8.0_73\jre\bin\java.dll
0x0000000070950000 - 0x0000000070966000 	C:\Program Files\Java\jdk1.8.0_73\jre\bin\zip.dll
0x00007ffffdd70000 - 0x00007fffff2cf000 	C:\WINDOWS\system32\SHELL32.dll
0x00007ffffc4b0000 - 0x00007ffffcaf4000 	C:\WINDOWS\system32\windows.storage.dll
0x00007ffffd840000 - 0x00007ffffd892000 	C:\WINDOWS\system32\shlwapi.dll
0x00007ffffc2d0000 - 0x00007ffffc2df000 	C:\WINDOWS\system32\kernel.appcore.dll
0x00007ffffc3f0000 - 0x00007ffffc4a5000 	C:\WINDOWS\system32\shcore.dll
0x00007ffffc260000 - 0x00007ffffc2ab000 	C:\WINDOWS\system32\powrprof.dll
0x00007ffffc2b0000 - 0x00007ffffc2c4000 	C:\WINDOWS\system32\profapi.dll
0x0000000070930000 - 0x000000007094a000 	C:\Program Files\Java\jdk1.8.0_73\jre\bin\net.dll
0x00007ffffbb90000 - 0x00007ffffbbec000 	C:\WINDOWS\system32\mswsock.dll
0x0000000070910000 - 0x0000000070921000 	C:\Program Files\Java\jdk1.8.0_73\jre\bin\nio.dll
0x00007fffeaab0000 - 0x00007fffeaac2000 	C:\Users\429317980\.gradle\native\19\windows-amd64\native-platform.dll
0x00007ffff9580000 - 0x00007ffff95b8000 	C:\WINDOWS\SYSTEM32\IPHLPAPI.DLL
0x00007fffff2d0000 - 0x00007fffff2d8000 	C:\WINDOWS\system32\NSI.dll
0x00007ffff8a50000 - 0x00007ffff8a66000 	C:\WINDOWS\SYSTEM32\dhcpcsvc6.DLL
0x00007ffff89e0000 - 0x00007ffff89fa000 	C:\WINDOWS\SYSTEM32\dhcpcsvc.DLL
0x00007ffffbc40000 - 0x00007ffffbc57000 	C:\WINDOWS\SYSTEM32\CRYPTSP.dll
0x00007ffffb8d0000 - 0x00007ffffb904000 	C:\WINDOWS\system32\rsaenh.dll
0x00007ffffbe60000 - 0x00007ffffbe89000 	C:\WINDOWS\SYSTEM32\bcrypt.dll
0x00007ffffba20000 - 0x00007ffffba3f000 	C:\WINDOWS\SYSTEM32\USERENV.dll
0x00007ffffbd60000 - 0x00007ffffbd6b000 	C:\WINDOWS\SYSTEM32\CRYPTBASE.dll
0x0000000070900000 - 0x000000007090d000 	C:\Program Files\Java\jdk1.8.0_73\jre\bin\management.dll
0x00000000708d0000 - 0x00000000708f4000 	C:\Program Files\Java\jdk1.8.0_73\jre\bin\sunec.dll
0x00000000708c0000 - 0x00000000708cb000 	C:\Program Files\Java\jdk1.8.0_73\jre\bin\sunmscapi.dll
0x00007ffffcdc0000 - 0x00007ffffcf87000 	C:\WINDOWS\system32\CRYPT32.dll
0x00007ffffc2e0000 - 0x00007ffffc2f0000 	C:\WINDOWS\system32\MSASN1.dll

VM Arguments:
jvm_args: -Xmx2048M -Dfile.encoding=windows-1252 -Duser.country=BR -Duser.language=pt -Duser.variant 
java_command: org.gradle.launcher.daemon.bootstrap.GradleDaemon 2.10
java_class_path (initial): C:\Program Files\Android\Android Studio\gradle\gradle-2.10\lib\gradle-launcher-2.10.jar
Launcher Type: SUN_STANDARD

Environment Variables:
JAVA_HOME=C:\Program Files\Java\jdk1.7.0_79
PATH=C:\ProgramData\Oracle\Java\javapath;C:\Program Files (x86)\CA\SC\CAWIN\;C:\WINDOWS\system32;C:\WINDOWS;C:\WINDOWS\System32\Wbem;C:\WINDOWS\System32\WindowsPowerShell\v1.0\;c:\Program Files (x86)\Microsoft SQL Server\100\Tools\Binn\;c:\Program Files\Microsoft SQL Server\100\Tools\Binn\;c:\Program Files\Microsoft SQL Server\100\DTS\Binn\;c:\Program Files (x86)\Microsoft SQL Server\100\Tools\Binn\VSShell\Common7\IDE\;c:\Program Files (x86)\Microsoft SQL Server\100\DTS\Binn\;C:\Program Files (x86)\Borland\StarTeam SDK 11.0\Lib;C:\Program Files (x86)\Borland\StarTeam SDK 11.0\Bin;C:\Program Files (x86)\Silk\SilkTest;C:\Program Files (x86)\Silk\SilkTest\ng\gui;C:\Program Files (x86)\Borland\StarTeam SDK 10.0\Lib;C:\Program Files (x86)\Borland\StarTeam SDK 10.0\Bin;C:\Program Files (x86)\Borland\CaliberRM SDK 2008\lib;C:\Program Files\Microsoft\Web Platform Installer\;C:\Program Files (x86)\Microsoft ASP.NET\ASP.NET Web Pages\v1.0\;C:\Program Files (x86)\Windows Kits\8.0\Windows Performance Toolkit\;C:\Program Files\Microsoft SQL Server\110\Tools\Binn\;C:\Program Files (x86)\CA\SC\Csam\SockAdapter\bin;C:\Program Files (x86)\CA\SC\CBB\;C:\Program Files (x86)\CA\DSM\bin;C:\PROGRA~2\CA\SC\CAM\bin;C:\Program Files\Borland\StarTeam SDK 13.0\lib;C:\Program Files\Borland\StarTeam SDK 13.0\bin;C:\Program Files\Java\jdk1.7.0_79\bin;C:\Program Files (x86)\GtkSharp\2.12\bin;C:\Program Files (x86)\CA\SC\Csam\SockAdapter\bin64;C:\Program Files (x86)\Skype\Phone\
USERNAME=809778
OS=Windows_NT
PROCESSOR_IDENTIFIER=Intel64 Family 6 Model 58 Stepping 9, GenuineIntel



---------------  S Y S T E M  ---------------

OS: Windows 10.0 , 64 bit Build 10586 (10.0.10586.0)

CPU:total 4 (4 cores per cpu, 1 threads per core) family 6 model 58 stepping 9, cmov, cx8, fxsr, mmx, sse, sse2, sse3, ssse3, sse4.1, sse4.2, popcnt, avx, aes, clmul, erms, tsc, tscinvbit, tscinv

Memory: 4k page, physical 8334044k(1538724k free), swap 8334044k(5536k free)

vm_info: Java HotSpot(TM) 64-Bit Server VM (25.73-b02) for windows-amd64 JRE (1.8.0_73-b02), built on Jan 29 2016 17:38:49 by "java_re" with MS VC++ 10.0 (VS2010)

time: Tue Aug 09 08:17:50 2016
elapsed time: 891 seconds (0d 0h 14m 51s)

