#
# There is insufficient memory for the Java Runtime Environment to continue.
# Native memory allocation (malloc) failed to allocate 1048576 bytes for AllocateHeap
# Possible reasons:
#   The system is out of physical RAM or swap space
#   In 32 bit mode, the process size limit was hit
# Possible solutions:
#   Reduce memory load on the system
#   Increase physical memory or swap space
#   Check if swap backing store is full
#   Use 64 bit Java on a 64 bit OS
#   Decrease Java heap size (-Xmx/-Xms)
#   Decrease number of Java threads
#   Decrease Java thread stack sizes (-Xss)
#   Set larger code cache with -XX:ReservedCodeCacheSize=
# This output file may be truncated or incomplete.
#
#  Out of Memory Error (memory/allocation.inline.hpp:61), pid=24280, tid=15512
#
# JRE version:  (8.0_73-b02) (build )
# Java VM: Java HotSpot(TM) 64-Bit Server VM (25.73-b02 mixed mode windows-amd64 compressed oops)
# Failed to write core dump. Minidumps are not enabled by default on client versions of Windows
#

---------------  T H R E A D  ---------------

Current thread (0x0000000002295800):  JavaThread "Unknown thread" [_thread_in_vm, id=15512, stack(0x0000000002090000,0x0000000002190000)]

Stack: [0x0000000002090000,0x0000000002190000]
[error occurred during error reporting (printing stack bounds), id 0xc0000005]

Native frames: (J=compiled Java code, j=interpreted, Vv=VM code, C=native code)


---------------  P R O C E S S  ---------------

Java Threads: ( => current thread )

Other Threads:

=>0x0000000002295800 (exited) JavaThread "Unknown thread" [_thread_in_vm, id=15512, stack(0x0000000002090000,0x0000000002190000)]

VM state:not at safepoint (normal execution)

VM Mutex/Monitor currently owned by a thread: None

Heap:
 PSYoungGen      total 38400K, used 665K [0x00000000d5980000, 0x00000000d8400000, 0x0000000100000000)
  eden space 33280K, 2% used [0x00000000d5980000,0x00000000d5a26670,0x00000000d7a00000)
  from space 5120K, 0% used [0x00000000d7f00000,0x00000000d7f00000,0x00000000d8400000)
  to   space 5120K, 0% used [0x00000000d7a00000,0x00000000d7a00000,0x00000000d7f00000)
 ParOldGen       total 87552K, used 0K [0x0000000080c00000, 0x0000000086180000, 0x00000000d5980000)
  object space 87552K, 0% used [0x0000000080c00000,0x0000000080c00000,0x0000000086180000)
 Metaspace       used 769K, capacity 4480K, committed 4480K, reserved 1056768K
  class space    used 75K, capacity 384K, committed 384K, reserved 1048576K

Card table byte_map: [0x0000000011750000,0x0000000011b50000] byte_map_base: 0x000000001134a000

Marking Bits: (ParMarkBitMap*) 0x0000000071250600
 Begin Bits: [0x0000000012200000, 0x00000000141d0000)
 End Bits:   [0x00000000141d0000, 0x00000000161a0000)

Polling page: 0x0000000000500000

CodeCache: size=245760Kb used=328Kb max_used=328Kb free=245431Kb
 bounds [0x0000000002390000, 0x0000000002600000, 0x0000000011390000]
 total_blobs=57 nmethods=0 adapters=37
 compilation: enabled

Compilation events (0 events):
No events

GC Heap History (0 events):
No events

Deoptimization events (0 events):
No events

Internal exceptions (0 events):
No events

Events (10 events):
Event: 0.082 loading class java/lang/Short
Event: 0.082 loading class java/lang/Short done
Event: 0.082 loading class java/lang/Integer
Event: 0.082 loading class java/lang/Integer done
Event: 0.082 loading class java/lang/Long
Event: 0.082 loading class java/lang/Long done
Event: 0.083 loading class java/lang/NullPointerException
Event: 0.083 loading class java/lang/NullPointerException done
Event: 0.083 loading class java/lang/ArithmeticException
Event: 0.083 loading class java/lang/ArithmeticException done


Dynamic libraries:
0x00007ff75f1d0000 - 0x00007ff75f207000 	C:\Program Files\Java\jdk1.8.0_73\bin\java.exe
0x00007fffffc60000 - 0x00007fffffe21000 	C:\WINDOWS\SYSTEM32\ntdll.dll
0x00007fffff4c0000 - 0x00007fffff56d000 	C:\WINDOWS\system32\KERNEL32.DLL
0x00007ffffcb00000 - 0x00007ffffcce8000 	C:\WINDOWS\system32\KERNELBASE.dll
0x00007ffffd040000 - 0x00007ffffd0e7000 	C:\WINDOWS\system32\ADVAPI32.dll
0x00007fffff720000 - 0x00007fffff7bd000 	C:\WINDOWS\system32\msvcrt.dll
0x00007fffff2e0000 - 0x00007fffff33b000 	C:\WINDOWS\system32\sechost.dll
0x00007fffff3a0000 - 0x00007fffff4bc000 	C:\WINDOWS\system32\RPCRT4.dll
0x00007fffffac0000 - 0x00007fffffc16000 	C:\WINDOWS\system32\USER32.dll
0x00007ffffdbe0000 - 0x00007ffffdd66000 	C:\WINDOWS\system32\GDI32.dll
0x00007ffff6940000 - 0x00007ffff6bb4000 	C:\WINDOWS\WinSxS\amd64_microsoft.windows.common-controls_6595b64144ccf1df_6.0.10586.0_none_8c15ae12515e1c22\COMCTL32.dll
0x00007ffffd5c0000 - 0x00007ffffd83d000 	C:\WINDOWS\system32\combase.dll
0x00007ffffc2f0000 - 0x00007ffffc35a000 	C:\WINDOWS\system32\bcryptPrimitives.dll
0x00007fffffc20000 - 0x00007fffffc5b000 	C:\WINDOWS\system32\IMM32.DLL
0x00000000712d0000 - 0x00000000713a2000 	C:\Program Files\Java\jdk1.8.0_73\jre\bin\msvcr100.dll
0x0000000070a40000 - 0x00000000712d0000 	C:\Program Files\Java\jdk1.8.0_73\jre\bin\server\jvm.dll
0x00007ffffd0f0000 - 0x00007ffffd0f8000 	C:\WINDOWS\system32\PSAPI.DLL
0x00007ffff0c20000 - 0x00007ffff0c29000 	C:\WINDOWS\SYSTEM32\WSOCK32.dll
0x00007ffff6c70000 - 0x00007ffff6c7a000 	C:\WINDOWS\SYSTEM32\VERSION.dll
0x00007ffffa990000 - 0x00007ffffa9b3000 	C:\WINDOWS\SYSTEM32\WINMM.dll
0x00007ffffd530000 - 0x00007ffffd59b000 	C:\WINDOWS\system32\WS2_32.dll
0x0000000002030000 - 0x000000000205c000 	C:\WINDOWS\SYSTEM32\WINMMBASE.dll
0x00007ffffcd50000 - 0x00007ffffcd93000 	C:\WINDOWS\system32\cfgmgr32.dll
0x0000000070a30000 - 0x0000000070a3f000 	C:\Program Files\Java\jdk1.8.0_73\jre\bin\verify.dll
0x0000000070a00000 - 0x0000000070a29000 	C:\Program Files\Java\jdk1.8.0_73\jre\bin\java.dll
0x00000000709e0000 - 0x00000000709f6000 	C:\Program Files\Java\jdk1.8.0_73\jre\bin\zip.dll

VM Arguments:
jvm_args: -Dretrolambda.bytecodeVersion=50 -Dretrolambda.classpath=C:\Users\429317980\.gradle\caches\modules-2\files-2.1\javax.inject\javax.inject\1\6975da39a7040257bd51d21a231b76c915872d38\javax.inject-1.jar;C:\avenuecode\app\build\intermediates\exploded-aar\com.android.support.test\runner\0.5\jars\classes.jar;C:\Users\429317980\.gradle\caches\modules-2\files-2.1\org.hamcrest\hamcrest-core\1.3\42a25dc3219429f0e5d060061f71acb49bf010a0\hamcrest-core-1.3.jar;C:\Users\429317980\.gradle\caches\modules-2\files-2.1\org.hamcrest\hamcrest-integration\1.3\5de0c73fef18917cd85d0ab70bb23818685e4dfd\hamcrest-integration-1.3.jar;C:\avenuecode\app\build\intermediates\exploded-aar\com.android.support.test\exposed-instrumentation-api-publish\0.5\jars\classes.jar;C:\avenuecode\app\build\intermediates\exploded-aar\com.android.support.test.espresso\espresso-core\2.2.2\jars\classes.jar;C:\Users\429317980\.gradle\caches\modules-2\files-2.1\junit\junit\4.12\2973d150c0dc1fefe998f834810d68f278ea58ec\junit-4.12.jar;C:\Users\429317980\.gradle\caches\modules-2\files-2.1\com.squareup\javawriter\2.1.1\67ff45d9ae02e583d0f9b3432a5ebbe05c30c966\javawriter-2.1.1.jar;C:\Users\429317980\.gradle\caches\modules-2\files-2.1\org.hamcrest\hamcrest-library\1.3\4785a3c21320980282f9f33d0d1264a69040538f\hamcrest-library-1.3.jar;C:\Users\429317980\.gradle\caches\modules-2\files-2.1\javax.annotation\javax.annotation-api\1.2\479c1e06db31c432330183f5cae684163f186146\javax.annotation-api-1.2.jar;C:\avenuecode\app\build\intermediates\exploded-aar\com.android.support.test\rules\0.5\jars\classes.jar;C:\avenuecode\app\build\intermediates\exploded-aar\com.android.support.test.espresso\espresso-idling-resource\2.2.2\jars\classes.jar;C:\Users\429317980\.gradle\caches\modules-2\files-2.1\com.google.code.findbugs\jsr305\2.0.1\516c03b21d50a644d538de0f0369c620989cd8f0\jsr305-2.0.1.jar;C:\Users\429317980\.gradle\caches\modules-2\files-2.1\com.squareup.okio\okio\1.6.0\98476622f10715998eacf9240d6b479f12c66143\okio-1.6.0.jar;C:\Users\429317980\.gradle\caches\modules-2\fi-Dretrolambda.includedFiles=C:\avenuecode\app\build\retrolambda\mockDebugAndroidTest\br\com\levimendesestudos\avenuecode\MapsActivityTest$1.class;C:\avenuecode\app\build\retrolambda\mockDebugAndroidTest\br\com\levimendesestudos\avenuecode\MapsActivityTest.class -Dretrolambda.inputDir=C:\avenuecode\app\build\retrolambda\mockDebugAndroidTest -Dretrolambda.outputDir=C:\avenuecode\app\build\intermediates\classes\androidTest\mock\debug -Dfile.encoding=windows-1252 -Duser.country=BR -Duser.language=pt -Duser.variant 
java_command: net.orfjackal.retrolambda.Main
java_class_path (initial): C:\Users\429317980\.gradle\caches\modules-2\files-2.1\net.orfjackal.retrolambda\retrolambda\2.0.5\6ed35b4801a2d424d3dbf4aa21b1d8727b9e3efb\retrolambda-2.0.5.jar
Launcher Type: SUN_STANDARD

Environment Variables:
JAVA_HOME=C:\Program Files\Java\jdk1.7.0_79
PATH=C:\ProgramData\Oracle\Java\javapath;C:\Program Files (x86)\CA\SC\CAWIN\;C:\WINDOWS\system32;C:\WINDOWS;C:\WINDOWS\System32\Wbem;C:\WINDOWS\System32\WindowsPowerShell\v1.0\;c:\Program Files (x86)\Microsoft SQL Server\100\Tools\Binn\;c:\Program Files\Microsoft SQL Server\100\Tools\Binn\;c:\Program Files\Microsoft SQL Server\100\DTS\Binn\;c:\Program Files (x86)\Microsoft SQL Server\100\Tools\Binn\VSShell\Common7\IDE\;c:\Program Files (x86)\Microsoft SQL Server\100\DTS\Binn\;C:\Program Files (x86)\Borland\StarTeam SDK 11.0\Lib;C:\Program Files (x86)\Borland\StarTeam SDK 11.0\Bin;C:\Program Files (x86)\Silk\SilkTest;C:\Program Files (x86)\Silk\SilkTest\ng\gui;C:\Program Files (x86)\Borland\StarTeam SDK 10.0\Lib;C:\Program Files (x86)\Borland\StarTeam SDK 10.0\Bin;C:\Program Files (x86)\Borland\CaliberRM SDK 2008\lib;C:\Program Files\Microsoft\Web Platform Installer\;C:\Program Files (x86)\Microsoft ASP.NET\ASP.NET Web Pages\v1.0\;C:\Program Files (x86)\Windows Kits\8.0\Windows Performance Toolkit\;C:\Program Files\Microsoft SQL Server\110\Tools\Binn\;C:\Program Files (x86)\CA\SC\Csam\SockAdapter\bin;C:\Program Files (x86)\CA\SC\CBB\;C:\Program Files (x86)\CA\DSM\bin;C:\PROGRA~2\CA\SC\CAM\bin;C:\Program Files\Borland\StarTeam SDK 13.0\lib;C:\Program Files\Borland\StarTeam SDK 13.0\bin;C:\Program Files\Java\jdk1.7.0_79\bin;C:\Program Files (x86)\GtkSharp\2.12\bin;C:\Program Files (x86)\CA\SC\Csam\SockAdapter\bin64;C:\Program Files (x86)\Skype\Phone\
USERNAME=809778
OS=Windows_NT
PROCESSOR_IDENTIFIER=Intel64 Family 6 Model 58 Stepping 9, GenuineIntel



---------------  S Y S T E M  ---------------

OS: Windows 10.0 , 64 bit Build 10586 (10.0.10586.0)

CPU:total 4 (4 cores per cpu, 1 threads per core) family 6 model 58 stepping 9, cmov, cx8, fxsr, mmx, sse, sse2, sse3, ssse3, sse4.1, sse4.2, popcnt, avx, aes, clmul, erms, tsc, tscinvbit, tscinv

Memory: 4k page, physical 8334044k(1383692k free), swap 8334044k(5224k free)

vm_info: Java HotSpot(TM) 64-Bit Server VM (25.73-b02) for windows-amd64 JRE (1.8.0_73-b02), built on Jan 29 2016 17:38:49 by "java_re" with MS VC++ 10.0 (VS2010)

time: Wed Aug 10 10:08:56 2016
elapsed time: 0 seconds (0d 0h 0m 0s)

